2022-08-14 20:28:40.500 ERROR o.s.b.diagnostics.LoggingFailureAnalysisReporter  :40   [32m                  [0;39m 

***************************
APPLICATION FAILED TO START
***************************

Description:

A component required a bean of type 'com.fanfanfan.wiki.mapper.DemoMapper' that could not be found.


Action:

Consider defining a bean of type 'com.fanfanfan.wiki.mapper.DemoMapper' in your configuration.

2022-08-14 20:30:34.946 ERROR o.s.b.diagnostics.LoggingFailureAnalysisReporter  :40   [32m                  [0;39m 

***************************
APPLICATION FAILED TO START
***************************

Description:

A component required a bean of type 'com.fanfanfan.wiki.mapper.DemoMapper' that could not be found.


Action:

Consider defining a bean of type 'com.fanfanfan.wiki.mapper.DemoMapper' in your configuration.

2022-08-14 20:31:35.111 ERROR o.s.b.diagnostics.LoggingFailureAnalysisReporter  :40   [32m                  [0;39m 

***************************
APPLICATION FAILED TO START
***************************

Description:

A component required a bean of type 'com.fanfanfan.wiki.mapper.DemoMapper' that could not be found.


Action:

Consider defining a bean of type 'com.fanfanfan.wiki.mapper.DemoMapper' in your configuration.

2022-08-14 20:32:53.467 ERROR o.s.b.diagnostics.LoggingFailureAnalysisReporter  :40   [32m                  [0;39m 

***************************
APPLICATION FAILED TO START
***************************

Description:

A component required a bean of type 'com.fanfanfan.wiki.mapper.DemoMapper' that could not be found.


Action:

Consider defining a bean of type 'com.fanfanfan.wiki.mapper.DemoMapper' in your configuration.

