2022-08-19 00:04:40.942 INFO  com.fanfanfan.wiki.interceptor.LogInterceptor     :20   [32m                  [0;39m ------------- LogInterceptor 开始 -------------
2022-08-19 00:04:40.944 INFO  com.fanfanfan.wiki.interceptor.LogInterceptor     :21   [32m                  [0;39m 请求地址: http://127.0.0.1:8097/ebook/save POST
2022-08-19 00:04:40.944 INFO  com.fanfanfan.wiki.interceptor.LogInterceptor     :22   [32m                  [0;39m 远程地址: 127.0.0.1
2022-08-19 00:04:40.947 INFO  com.fanfanfan.wiki.aspect.LogAspect               :53   [32m                  [0;39m ------------- 开始 -------------
2022-08-19 00:04:40.948 INFO  com.fanfanfan.wiki.aspect.LogAspect               :54   [32m                  [0;39m 请求地址: http://127.0.0.1:8097/ebook/save POST
2022-08-19 00:04:40.957 INFO  com.fanfanfan.wiki.aspect.LogAspect               :55   [32m                  [0;39m 类名方法: com.fanfanfan.wiki.controller.EbookController.save
2022-08-19 00:04:40.957 INFO  com.fanfanfan.wiki.aspect.LogAspect               :56   [32m                  [0;39m 远程地址: 127.0.0.1
2022-08-19 00:04:40.957 INFO  com.fanfanfan.wiki.aspect.LogAspect               :78   [32m                  [0;39m 请求参数: [{"category1Id":13,"category2Id":44,"cover":"/image/OIP2.jpg","description":"这是个","name":"秋招面经"}]
2022-08-19 00:04:40.959 DEBUG com.fanfanfan.wiki.mapper.EbookMapper.insert      :137  [32m                  [0;39m ==>  Preparing: insert into ebook (id, `name`, category1_id, category2_id, description, cover, doc_count, view_count, vote_count ) values (?, ?, ?, ?, ?, ?, ?, ?, ? )
2022-08-19 00:04:40.960 DEBUG com.fanfanfan.wiki.mapper.EbookMapper.insert      :137  [32m                  [0;39m ==> Parameters: 967546064998400(Long), 秋招面经(String), 13(Long), 44(Long), 这是个(String), /image/OIP2.jpg(String), null, null, null
2022-08-19 00:04:40.964 DEBUG com.fanfanfan.wiki.mapper.EbookMapper.insert      :137  [32m                  [0;39m <==    Updates: 1
2022-08-19 00:04:40.965 INFO  com.fanfanfan.wiki.aspect.LogAspect               :90   [32m                  [0;39m 返回结果: {"success":true}
2022-08-19 00:04:40.965 INFO  com.fanfanfan.wiki.aspect.LogAspect               :91   [32m                  [0;39m ------------- 结束 耗时：18 ms -------------
2022-08-19 00:04:40.966 INFO  com.fanfanfan.wiki.interceptor.LogInterceptor     :32   [32m                  [0;39m ------------- LogInterceptor 结束 耗时：21 ms -------------
2022-08-19 00:04:41.000 INFO  com.fanfanfan.wiki.aspect.LogAspect               :53   [32m                  [0;39m ------------- 开始 -------------
2022-08-19 00:04:41.000 INFO  com.fanfanfan.wiki.aspect.LogAspect               :54   [32m                  [0;39m 请求地址: http://127.0.0.1:8097/ebook/list GET
2022-08-19 00:04:41.000 INFO  com.fanfanfan.wiki.aspect.LogAspect               :55   [32m                  [0;39m 类名方法: com.fanfanfan.wiki.controller.EbookController.list
2022-08-19 00:04:41.001 INFO  com.fanfanfan.wiki.aspect.LogAspect               :56   [32m                  [0;39m 远程地址: 127.0.0.1
2022-08-19 00:04:41.001 INFO  com.fanfanfan.wiki.aspect.LogAspect               :78   [32m                  [0;39m 请求参数: [{"page":1,"size":10}]
2022-08-19 00:04:41.003 DEBUG c.f.wiki.mapper.EbookMapper.selectByExample_COUNT :137  [32m                  [0;39m ==>  Preparing: SELECT count(0) FROM ebook
2022-08-19 00:04:41.003 DEBUG c.f.wiki.mapper.EbookMapper.selectByExample_COUNT :137  [32m                  [0;39m ==> Parameters: 
2022-08-19 00:04:41.004 TRACE c.f.wiki.mapper.EbookMapper.selectByExample_COUNT :143  [32m                  [0;39m <==    Columns: count(0)
2022-08-19 00:04:41.005 TRACE c.f.wiki.mapper.EbookMapper.selectByExample_COUNT :143  [32m                  [0;39m <==        Row: 5
2022-08-19 00:04:41.005 DEBUG c.f.wiki.mapper.EbookMapper.selectByExample_COUNT :137  [32m                  [0;39m <==      Total: 1
2022-08-19 00:04:41.006 DEBUG c.f.wiki.mapper.EbookMapper.selectByExample       :137  [32m                  [0;39m ==>  Preparing: select id, `name`, category1_id, category2_id, description, cover, doc_count, view_count, vote_count from ebook LIMIT ?
2022-08-19 00:04:41.007 DEBUG c.f.wiki.mapper.EbookMapper.selectByExample       :137  [32m                  [0;39m ==> Parameters: 10(Integer)
2022-08-19 00:04:41.008 TRACE c.f.wiki.mapper.EbookMapper.selectByExample       :143  [32m                  [0;39m <==    Columns: id, name, category1_id, category2_id, description, cover, doc_count, view_count, vote_count
2022-08-19 00:04:41.009 TRACE c.f.wiki.mapper.EbookMapper.selectByExample       :143  [32m                  [0;39m <==        Row: 958836848594944, 消毒湿巾, null, null, null, /image/OIP2.jpg, null, null, null
2022-08-19 00:04:41.009 TRACE c.f.wiki.mapper.EbookMapper.selectByExample       :143  [32m                  [0;39m <==        Row: 967546064998400, 秋招面经, 13, 44, 这是个, /image/OIP2.jpg, null, null, null
2022-08-19 00:04:41.009 TRACE c.f.wiki.mapper.EbookMapper.selectByExample       :143  [32m                  [0;39m <==        Row: 48429800259457024, 雪花算法, null, null, null, /image/cover2.png, null, null, null
2022-08-19 00:04:41.010 TRACE c.f.wiki.mapper.EbookMapper.selectByExample       :143  [32m                  [0;39m <==        Row: 215449148927905792, on JAVA中文版, null, null, null, /image/cover2.png, null, null, null
2022-08-19 00:04:41.010 TRACE c.f.wiki.mapper.EbookMapper.selectByExample       :143  [32m                  [0;39m <==        Row: 215451886445268992, CSAPP, null, null, null, /image/OIP2.jpg, null, null, null
2022-08-19 00:04:41.010 DEBUG c.f.wiki.mapper.EbookMapper.selectByExample       :137  [32m                  [0;39m <==      Total: 5
2022-08-19 00:04:41.011 INFO  com.fanfanfan.wiki.service.EbookService           :40   [32m                  [0;39m 总行数：5
2022-08-19 00:04:41.011 INFO  com.fanfanfan.wiki.service.EbookService           :41   [32m                  [0;39m 总页数：1
2022-08-19 00:04:41.012 INFO  com.fanfanfan.wiki.aspect.LogAspect               :90   [32m                  [0;39m 返回结果: {"content":{"list":[{"cover":"/image/OIP2.jpg","id":958836848594944,"name":"消毒湿巾"},{"category1Id":13,"category2Id":44,"cover":"/image/OIP2.jpg","description":"这是个","id":967546064998400,"name":"秋招面经"},{"cover":"/image/cover2.png","id":48429800259457024,"name":"雪花算法"},{"cover":"/image/cover2.png","id":215449148927905792,"name":"on JAVA中文版"},{"cover":"/image/OIP2.jpg","id":215451886445268992,"name":"CSAPP"}],"total":5},"success":true}
2022-08-19 00:04:41.012 INFO  com.fanfanfan.wiki.aspect.LogAspect               :91   [32m                  [0;39m ------------- 结束 耗时：13 ms -------------
2022-08-19 00:05:25.517 INFO  com.fanfanfan.wiki.interceptor.LogInterceptor     :20   [32m                  [0;39m ------------- LogInterceptor 开始 -------------
2022-08-19 00:05:25.517 INFO  com.fanfanfan.wiki.interceptor.LogInterceptor     :21   [32m                  [0;39m 请求地址: http://127.0.0.1:8097/ebook/delete/958836848594944 OPTIONS
2022-08-19 00:05:25.517 INFO  com.fanfanfan.wiki.interceptor.LogInterceptor     :22   [32m                  [0;39m 远程地址: 127.0.0.1
2022-08-19 00:05:25.518 INFO  com.fanfanfan.wiki.interceptor.LogInterceptor     :32   [32m                  [0;39m ------------- LogInterceptor 结束 耗时：1 ms -------------
2022-08-19 00:05:25.521 INFO  com.fanfanfan.wiki.interceptor.LogInterceptor     :20   [32m                  [0;39m ------------- LogInterceptor 开始 -------------
2022-08-19 00:05:25.521 INFO  com.fanfanfan.wiki.interceptor.LogInterceptor     :21   [32m                  [0;39m 请求地址: http://127.0.0.1:8097/ebook/delete/958836848594944 DELETE
2022-08-19 00:05:25.521 INFO  com.fanfanfan.wiki.interceptor.LogInterceptor     :22   [32m                  [0;39m 远程地址: 127.0.0.1
2022-08-19 00:05:25.522 INFO  com.fanfanfan.wiki.aspect.LogAspect               :53   [32m                  [0;39m ------------- 开始 -------------
2022-08-19 00:05:25.522 INFO  com.fanfanfan.wiki.aspect.LogAspect               :54   [32m                  [0;39m 请求地址: http://127.0.0.1:8097/ebook/delete/958836848594944 DELETE
2022-08-19 00:05:25.522 INFO  com.fanfanfan.wiki.aspect.LogAspect               :55   [32m                  [0;39m 类名方法: com.fanfanfan.wiki.controller.EbookController.delete
2022-08-19 00:05:25.522 INFO  com.fanfanfan.wiki.aspect.LogAspect               :56   [32m                  [0;39m 远程地址: 127.0.0.1
2022-08-19 00:05:25.523 INFO  com.fanfanfan.wiki.aspect.LogAspect               :78   [32m                  [0;39m 请求参数: [958836848594944]
2022-08-19 00:05:25.524 DEBUG c.f.wiki.mapper.EbookMapper.deleteByPrimaryKey    :137  [32m                  [0;39m ==>  Preparing: delete from ebook where id = ?
2022-08-19 00:05:25.524 DEBUG c.f.wiki.mapper.EbookMapper.deleteByPrimaryKey    :137  [32m                  [0;39m ==> Parameters: 958836848594944(Long)
2022-08-19 00:05:25.531 DEBUG c.f.wiki.mapper.EbookMapper.deleteByPrimaryKey    :137  [32m                  [0;39m <==    Updates: 1
2022-08-19 00:05:25.531 INFO  com.fanfanfan.wiki.aspect.LogAspect               :90   [32m                  [0;39m 返回结果: {"success":true}
2022-08-19 00:05:25.532 INFO  com.fanfanfan.wiki.aspect.LogAspect               :91   [32m                  [0;39m ------------- 结束 耗时：10 ms -------------
2022-08-19 00:05:25.533 INFO  com.fanfanfan.wiki.interceptor.LogInterceptor     :32   [32m                  [0;39m ------------- LogInterceptor 结束 耗时：12 ms -------------
2022-08-19 00:05:25.560 INFO  com.fanfanfan.wiki.aspect.LogAspect               :53   [32m                  [0;39m ------------- 开始 -------------
2022-08-19 00:05:25.561 INFO  com.fanfanfan.wiki.aspect.LogAspect               :54   [32m                  [0;39m 请求地址: http://127.0.0.1:8097/ebook/list GET
2022-08-19 00:05:25.561 INFO  com.fanfanfan.wiki.aspect.LogAspect               :55   [32m                  [0;39m 类名方法: com.fanfanfan.wiki.controller.EbookController.list
2022-08-19 00:05:25.561 INFO  com.fanfanfan.wiki.aspect.LogAspect               :56   [32m                  [0;39m 远程地址: 127.0.0.1
2022-08-19 00:05:25.562 INFO  com.fanfanfan.wiki.aspect.LogAspect               :78   [32m                  [0;39m 请求参数: [{"page":1,"size":10}]
2022-08-19 00:05:25.563 DEBUG c.f.wiki.mapper.EbookMapper.selectByExample_COUNT :137  [32m                  [0;39m ==>  Preparing: SELECT count(0) FROM ebook
2022-08-19 00:05:25.563 DEBUG c.f.wiki.mapper.EbookMapper.selectByExample_COUNT :137  [32m                  [0;39m ==> Parameters: 
2022-08-19 00:05:25.564 TRACE c.f.wiki.mapper.EbookMapper.selectByExample_COUNT :143  [32m                  [0;39m <==    Columns: count(0)
2022-08-19 00:05:25.565 TRACE c.f.wiki.mapper.EbookMapper.selectByExample_COUNT :143  [32m                  [0;39m <==        Row: 4
2022-08-19 00:05:25.565 DEBUG c.f.wiki.mapper.EbookMapper.selectByExample_COUNT :137  [32m                  [0;39m <==      Total: 1
2022-08-19 00:05:25.565 DEBUG c.f.wiki.mapper.EbookMapper.selectByExample       :137  [32m                  [0;39m ==>  Preparing: select id, `name`, category1_id, category2_id, description, cover, doc_count, view_count, vote_count from ebook LIMIT ?
2022-08-19 00:05:25.566 DEBUG c.f.wiki.mapper.EbookMapper.selectByExample       :137  [32m                  [0;39m ==> Parameters: 10(Integer)
2022-08-19 00:05:25.567 TRACE c.f.wiki.mapper.EbookMapper.selectByExample       :143  [32m                  [0;39m <==    Columns: id, name, category1_id, category2_id, description, cover, doc_count, view_count, vote_count
2022-08-19 00:05:25.567 TRACE c.f.wiki.mapper.EbookMapper.selectByExample       :143  [32m                  [0;39m <==        Row: 967546064998400, 秋招面经, 13, 44, 这是个, /image/OIP2.jpg, null, null, null
2022-08-19 00:05:25.568 TRACE c.f.wiki.mapper.EbookMapper.selectByExample       :143  [32m                  [0;39m <==        Row: 48429800259457024, 雪花算法, null, null, null, /image/cover2.png, null, null, null
2022-08-19 00:05:25.568 TRACE c.f.wiki.mapper.EbookMapper.selectByExample       :143  [32m                  [0;39m <==        Row: 215449148927905792, on JAVA中文版, null, null, null, /image/cover2.png, null, null, null
2022-08-19 00:05:25.568 TRACE c.f.wiki.mapper.EbookMapper.selectByExample       :143  [32m                  [0;39m <==        Row: 215451886445268992, CSAPP, null, null, null, /image/OIP2.jpg, null, null, null
2022-08-19 00:05:25.569 DEBUG c.f.wiki.mapper.EbookMapper.selectByExample       :137  [32m                  [0;39m <==      Total: 4
2022-08-19 00:05:25.570 INFO  com.fanfanfan.wiki.service.EbookService           :40   [32m                  [0;39m 总行数：4
2022-08-19 00:05:25.571 INFO  com.fanfanfan.wiki.service.EbookService           :41   [32m                  [0;39m 总页数：1
2022-08-19 00:05:25.572 INFO  com.fanfanfan.wiki.aspect.LogAspect               :90   [32m                  [0;39m 返回结果: {"content":{"list":[{"category1Id":13,"category2Id":44,"cover":"/image/OIP2.jpg","description":"这是个","id":967546064998400,"name":"秋招面经"},{"cover":"/image/cover2.png","id":48429800259457024,"name":"雪花算法"},{"cover":"/image/cover2.png","id":215449148927905792,"name":"on JAVA中文版"},{"cover":"/image/OIP2.jpg","id":215451886445268992,"name":"CSAPP"}],"total":4},"success":true}
2022-08-19 00:05:25.572 INFO  com.fanfanfan.wiki.aspect.LogAspect               :91   [32m                  [0;39m ------------- 结束 耗时：12 ms -------------
