2022-08-13 18:27:12.709 INFO  com.fanfanfan.wiki.config.WikiApplication         :55   [32m                  [0;39m Starting WikiApplication using Java 1.8.0_202 on LAPTOP-EG20H0ET with PID 18012 (D:\Portfolio\wiki\target\classes started by admin in D:\Portfolio\wiki)
2022-08-13 18:27:12.714 INFO  com.fanfanfan.wiki.config.WikiApplication         :634  [32m                  [0;39m No active profile set, falling back to 1 default profile: "default"
2022-08-13 18:27:13.712 INFO  o.s.boot.web.embedded.tomcat.TomcatWebServer      :108  [32m                  [0;39m Tomcat initialized with port(s): 8097 (http)
2022-08-13 18:27:13.721 INFO  org.apache.coyote.http11.Http11NioProtocol        :173  [32m                  [0;39m Initializing ProtocolHandler ["http-nio-8097"]
2022-08-13 18:27:13.730 INFO  org.apache.catalina.core.StandardService          :173  [32m                  [0;39m Starting service [Tomcat]
2022-08-13 18:27:13.731 INFO  org.apache.catalina.core.StandardEngine           :173  [32m                  [0;39m Starting Servlet engine: [Apache Tomcat/9.0.65]
2022-08-13 18:27:13.883 INFO  o.a.c.core.ContainerBase.[Tomcat].[localhost].[/] :173  [32m                  [0;39m Initializing Spring embedded WebApplicationContext
2022-08-13 18:27:13.884 INFO  o.s.b.w.s.c.ServletWebServerApplicationContext    :292  [32m                  [0;39m Root WebApplicationContext: initialization completed in 1093 ms
2022-08-13 18:27:14.211 INFO  org.apache.coyote.http11.Http11NioProtocol        :173  [32m                  [0;39m Starting ProtocolHandler ["http-nio-8097"]
2022-08-13 18:27:14.229 INFO  o.s.boot.web.embedded.tomcat.TomcatWebServer      :220  [32m                  [0;39m Tomcat started on port(s): 8097 (http) with context path ''
2022-08-13 18:27:14.240 INFO  com.fanfanfan.wiki.config.WikiApplication         :61   [32m                  [0;39m Started WikiApplication in 2.193 seconds (JVM running for 4.685)
2022-08-13 18:27:14.242 INFO  com.fanfanfan.wiki.config.WikiApplication         :19   [32m                  [0;39m 启动成功!!!
2022-08-13 18:27:14.243 INFO  com.fanfanfan.wiki.config.WikiApplication         :20   [32m                  [0;39m 地址：	http://127.0.0.1:8097
2022-08-13 18:32:12.338 INFO  com.fanfanfan.wiki.config.WikiApplication         :55   [32m                  [0;39m Starting WikiApplication using Java 1.8.0_202 on LAPTOP-EG20H0ET with PID 17268 (D:\Portfolio\wiki\target\classes started by admin in D:\Portfolio\wiki)
2022-08-13 18:32:12.343 INFO  com.fanfanfan.wiki.config.WikiApplication         :634  [32m                  [0;39m No active profile set, falling back to 1 default profile: "default"
2022-08-13 18:32:13.345 INFO  o.s.boot.web.embedded.tomcat.TomcatWebServer      :108  [32m                  [0;39m Tomcat initialized with port(s): 8097 (http)
2022-08-13 18:32:13.359 INFO  org.apache.coyote.http11.Http11NioProtocol        :173  [32m                  [0;39m Initializing ProtocolHandler ["http-nio-8097"]
2022-08-13 18:32:13.360 INFO  org.apache.catalina.core.StandardService          :173  [32m                  [0;39m Starting service [Tomcat]
2022-08-13 18:32:13.361 INFO  org.apache.catalina.core.StandardEngine           :173  [32m                  [0;39m Starting Servlet engine: [Apache Tomcat/9.0.65]
2022-08-13 18:32:13.501 INFO  o.a.c.core.ContainerBase.[Tomcat].[localhost].[/] :173  [32m                  [0;39m Initializing Spring embedded WebApplicationContext
2022-08-13 18:32:13.502 INFO  o.s.b.w.s.c.ServletWebServerApplicationContext    :292  [32m                  [0;39m Root WebApplicationContext: initialization completed in 1100 ms
2022-08-13 18:32:13.815 INFO  org.apache.coyote.http11.Http11NioProtocol        :173  [32m                  [0;39m Starting ProtocolHandler ["http-nio-8097"]
2022-08-13 18:32:13.834 INFO  o.s.boot.web.embedded.tomcat.TomcatWebServer      :220  [32m                  [0;39m Tomcat started on port(s): 8097 (http) with context path ''
2022-08-13 18:32:13.845 INFO  com.fanfanfan.wiki.config.WikiApplication         :61   [32m                  [0;39m Started WikiApplication in 2.144 seconds (JVM running for 4.22)
2022-08-13 18:32:13.848 INFO  com.fanfanfan.wiki.config.WikiApplication         :19   [32m                  [0;39m 启动成功!!!
2022-08-13 18:32:13.848 INFO  com.fanfanfan.wiki.config.WikiApplication         :20   [32m                  [0;39m 地址：	http://127.0.0.1:8097
2022-08-13 18:32:48.857 INFO  o.a.c.core.ContainerBase.[Tomcat].[localhost].[/] :173  [32m                  [0;39m Initializing Spring DispatcherServlet 'dispatcherServlet'
2022-08-13 18:32:48.857 INFO  org.springframework.web.servlet.DispatcherServlet :525  [32m                  [0;39m Initializing Servlet 'dispatcherServlet'
2022-08-13 18:32:48.858 INFO  org.springframework.web.servlet.DispatcherServlet :547  [32m                  [0;39m Completed initialization in 1 ms
2022-08-13 19:54:33.088 INFO  com.fanfanfan.wiki.config.WikiApplication         :55   [32m                  [0;39m Starting WikiApplication using Java 1.8.0_202 on LAPTOP-EG20H0ET with PID 17516 (D:\Portfolio\wiki\target\classes started by admin in D:\Portfolio\wiki)
2022-08-13 19:54:33.090 INFO  com.fanfanfan.wiki.config.WikiApplication         :634  [32m                  [0;39m No active profile set, falling back to 1 default profile: "default"
2022-08-13 19:54:33.154 INFO  o.s.b.d.env.DevToolsPropertyDefaultsPostProcessor :255  [32m                  [0;39m Devtools property defaults active! Set 'spring.devtools.add-properties' to 'false' to disable
2022-08-13 19:54:33.154 INFO  o.s.b.d.env.DevToolsPropertyDefaultsPostProcessor :255  [32m                  [0;39m For additional web related logging consider setting the 'logging.level.web' property to 'DEBUG'
2022-08-13 19:54:34.241 INFO  o.s.boot.web.embedded.tomcat.TomcatWebServer      :108  [32m                  [0;39m Tomcat initialized with port(s): 8097 (http)
2022-08-13 19:54:34.250 INFO  org.apache.coyote.http11.Http11NioProtocol        :173  [32m                  [0;39m Initializing ProtocolHandler ["http-nio-8097"]
2022-08-13 19:54:34.251 INFO  org.apache.catalina.core.StandardService          :173  [32m                  [0;39m Starting service [Tomcat]
2022-08-13 19:54:34.251 INFO  org.apache.catalina.core.StandardEngine           :173  [32m                  [0;39m Starting Servlet engine: [Apache Tomcat/9.0.65]
2022-08-13 19:54:34.335 INFO  o.a.c.core.ContainerBase.[Tomcat].[localhost].[/] :173  [32m                  [0;39m Initializing Spring embedded WebApplicationContext
2022-08-13 19:54:34.336 INFO  o.s.b.w.s.c.ServletWebServerApplicationContext    :292  [32m                  [0;39m Root WebApplicationContext: initialization completed in 1181 ms
2022-08-13 19:54:34.677 INFO  o.s.b.d.autoconfigure.OptionalLiveReloadServer    :58   [32m                  [0;39m LiveReload server is running on port 35729
2022-08-13 19:54:34.697 INFO  org.apache.coyote.http11.Http11NioProtocol        :173  [32m                  [0;39m Starting ProtocolHandler ["http-nio-8097"]
2022-08-13 19:54:34.728 INFO  o.s.boot.web.embedded.tomcat.TomcatWebServer      :220  [32m                  [0;39m Tomcat started on port(s): 8097 (http) with context path ''
2022-08-13 19:54:34.741 INFO  com.fanfanfan.wiki.config.WikiApplication         :61   [32m                  [0;39m Started WikiApplication in 2.232 seconds (JVM running for 4.411)
2022-08-13 19:54:34.745 INFO  com.fanfanfan.wiki.config.WikiApplication         :19   [32m                  [0;39m 启动成功!!!
2022-08-13 19:54:34.745 INFO  com.fanfanfan.wiki.config.WikiApplication         :20   [32m                  [0;39m 地址：	http://127.0.0.1:8097
